<?xml version="1.0" encoding="UTF-8"?>
<!-- Generated by org.testng.reporters.JUnitReportReporter -->
<testsuite hostname="DESKTOP-B64QDB1" failures="0" tests="2" name="demoMaven.Maven.Seleniumtest" time="0.021" errors="0" timestamp="30 Aug 2020 19:40:35 GMT" skipped="0">
  <testcase classname="demoMaven.Maven.Seleniumtest" name="Uiautomation" time="0.017"/>
  <testcase classname="demoMaven.Maven.Seleniumtest" name="elementsUi" time="0.004"/>
</testsuite> <!-- demoMaven.Maven.Seleniumtest -->
