<?xml version="1.0" encoding="UTF-8"?>
<!-- Generated by org.testng.reporters.JUnitReportReporter -->
<testsuite hostname="DESKTOP-B64QDB1" failures="0" tests="2" name="demoMaven.Maven.AppiumTest" time="0.015" errors="0" timestamp="30 Aug 2020 13:10:48 GMT" skipped="0">
  <testcase classname="demoMaven.Maven.AppiumTest" name="postjira" time="0.001"/>
  <testcase classname="demoMaven.Maven.AppiumTest" name="deleteTwitter" time="0.014"/>
</testsuite> <!-- demoMaven.Maven.AppiumTest -->
